1547623177599:help
1547623181037:show-all-authors
1547623184927:stacktrace
1547623298864:quit
1547623414674:show-all-authors
1547623453393:quit
1547624448070:help
1547624450492:show-all-authors
1547624453773:quit
1547628389251:show-all-authors
1547628568314:quit
1547632058091:help
1547632059732:show-all-authors
1547632225547:quit
1547632664051:show-all-authors
1547632672863:quit
1547636178814:show-all-authors
1547636184346:quit
1547636699724:help
1547636701990:show-all-authors
1547636719511:insert-author --first-name first-name --last-name last-name
1547636722980:stacktrace
1547636909603:quit
1547637283403:help
1547637286435:show-all-authors
1547637298919:insert-author --first-name first-name --last-name last-name
1547637303060:show-all-authors
1547637341748:update-author --id 4 --first-name First-name --last-name Last-name
1547637343826:show-all-authors
1547637355795:delete-author --id 4
1547637358936:stacktrace
1547641911502:quit
1547641984718:help
1547641989062:show-all-authors
1547641992671:show-all-genres
1547642008703:insert-author --first-name first-name --last-name last-name
1547642013046:show-all-authors
1547642033531:update-author --id 4 --first-name Flast-name --last-name Last-name
1547642035937:show-all-authors
1547642046328:delete-author --id 4
1547642048625:show-all-authors
1547642069252:show-all-genres
1547642079393:insert-genre --genre genre
1547642081611:show-all-genres
1547642094518:update-genre --id 2 --genre Genre
1547642096862:show-all-genres
1547642102315:delete-genre --id 2
1547642106377:quit
1547723547902:show-all-authors
1547723552964:show-all-genres
1547723555855:show-all-publishers
1547723569761:insert-publisher --publisher publisher
1547723573011:show-all-publishers
1547723589026:update-publisher --id 2 --publisher Publisher
1547723590963:show-all-publishers
1547723602182:delete-publisher --id 2
1547723611947:show-all-publishers
1547723626134:delete-publisher --id 1
1547723629103:stacktrace
1547812742867:quit
